
log (Thursday 19th of November 2015 06:05:39 PM): test run_openvas
log (Thursday 19th of November 2015 06:05:39 PM): test run_openvas 1
log (Thursday 19th of November 2015 06:05:39 PM): test run_openvas 1 id scan = 1465
log (Thursday 19th of November 2015 06:05:39 PM): test run_openvas 1 target = 127.0.0.1
log (Thursday 19th of November 2015 06:05:40 PM): test run_openvas 1 targetid = 3be979ca-708f-4230-883f-70bf25f5dc41
log (Thursday 19th of November 2015 06:05:40 PM): test run_openvas 1 output = <create_target_response id="3be979ca-708f-4230-883f-70bf25f5dc41" status_text="OK, resource created" status="201"></create_target_response>

log (Thursday 19th of November 2015 06:05:40 PM): test run_openvas 2 alertid = 3a389811-0cb7-4f73-8837-be57fb0963a4
log (Thursday 19th of November 2015 06:05:40 PM): test run_openvas 2 output = <create_alert_response id="3a389811-0cb7-4f73-8837-be57fb0963a4" status_text="OK, resource created" status="201"></create_alert_response>

log (Thursday 19th of November 2015 06:05:42 PM): test run_openvas 3 taskid = bf3d5977-cb28-496f-9be7-3a7334a9f020
log (Thursday 19th of November 2015 06:05:42 PM): test run_openvas 3 output = <create_task_response id="bf3d5977-cb28-496f-9be7-3a7334a9f020" status_text="OK, resource created" status="201"></create_task_response>

log (Thursday 19th of November 2015 06:15:20 PM): test run_openvas
log (Thursday 19th of November 2015 06:15:20 PM): test run_openvas 1
log (Thursday 19th of November 2015 06:15:20 PM): test run_openvas 1 id scan = 1470
log (Thursday 19th of November 2015 06:15:20 PM): test run_openvas 1 target = 127.0.0.1
log (Thursday 19th of November 2015 06:15:20 PM): test run_openvas 1 targetid = dee180de-e1dd-4915-a252-e43280d2fb5f
log (Thursday 19th of November 2015 06:15:20 PM): test run_openvas 1 output = <create_target_response id="dee180de-e1dd-4915-a252-e43280d2fb5f" status_text="OK, resource created" status="201"></create_target_response>

log (Thursday 19th of November 2015 06:15:20 PM): test run_openvas 2 alertid = f2212db6-e35b-44d2-92d3-aee4f92f5b83
log (Thursday 19th of November 2015 06:15:20 PM): test run_openvas 2 output = <create_alert_response id="f2212db6-e35b-44d2-92d3-aee4f92f5b83" status_text="OK, resource created" status="201"></create_alert_response>

log (Thursday 19th of November 2015 06:15:23 PM): test run_openvas 3 taskid = 96994027-3028-412a-bcae-b2c90b63c241
log (Thursday 19th of November 2015 06:15:23 PM): test run_openvas 3 output = <create_task_response id="96994027-3028-412a-bcae-b2c90b63c241" status_text="OK, resource created" status="201"></create_task_response>

log (Thursday 19th of November 2015 06:15:24 PM): test run_openvas 4 reportid = dde36595-9063-4c90-8b98-e62e442eade9
log (Thursday 19th of November 2015 06:15:24 PM): test run_openvas 4 output = <start_task_response status_text="OK, request submitted" status="202"><report_id>dde36595-9063-4c90-8b98-e62e442eade9</report_id></start_task_response>

log (Thursday 19th of November 2015 06:51:05 PM): logpp id_folder_bugs = 0
log (Thursday 19th of November 2015 06:51:05 PM): logpp id_target = 
log (Thursday 19th of November 2015 06:51:05 PM): logpp id_task = 
log (Thursday 19th of November 2015 06:51:05 PM): logpp id_report = 
log (Thursday 19th of November 2015 06:51:05 PM): logpp id_alert = 
log (Thursday 19th of November 2015 06:51:05 PM): logpp severity = 0
log (Thursday 19th of November 2015 07:16:59 PM): logpp id_folder_bugs = 0
log (Thursday 19th of November 2015 07:16:59 PM): logpp id_target = 
log (Thursday 19th of November 2015 07:16:59 PM): logpp id_task = 
log (Thursday 19th of November 2015 07:16:59 PM): logpp id_report = 
log (Thursday 19th of November 2015 07:16:59 PM): logpp id_alert = 
log (Thursday 19th of November 2015 07:16:59 PM): logpp severity = 0
log (Thursday 19th of November 2015 09:18:39 PM): logpp id_folder_bugs = 73
log (Thursday 19th of November 2015 09:18:39 PM): logpp id_target = 40c9b250-d308-4e99-9987-d2dbf7b39f3d
log (Thursday 19th of November 2015 09:18:39 PM): logpp id_task = 3b68035f-e3b4-4f2f-9224-5ad75d27a255
log (Thursday 19th of November 2015 09:18:39 PM): logpp id_report = 7c40cc2d-17d4-447c-a0d2-47270f0b991b
log (Thursday 19th of November 2015 09:18:39 PM): logpp id_alert = d2e90a6b-3cdd-48ae-a5ad-18ad9ff4ae4d
log (Thursday 19th of November 2015 09:18:39 PM): logpp severity = 2
log (Thursday 19th of November 2015 09:22:33 PM): logpp id_folder_bugs = 73
log (Thursday 19th of November 2015 09:22:33 PM): logpp id_target = 40c9b250-d308-4e99-9987-d2dbf7b39f3d
log (Thursday 19th of November 2015 09:22:33 PM): logpp id_task = 3b68035f-e3b4-4f2f-9224-5ad75d27a255
log (Thursday 19th of November 2015 09:22:33 PM): logpp id_report = 7c40cc2d-17d4-447c-a0d2-47270f0b991b
log (Thursday 19th of November 2015 09:22:33 PM): logpp id_alert = d2e90a6b-3cdd-48ae-a5ad-18ad9ff4ae4d
log (Thursday 19th of November 2015 09:22:33 PM): logpp severity = 2
log (Thursday 19th of November 2015 09:23:39 PM): logpp id_folder_bugs = 73
log (Thursday 19th of November 2015 09:23:39 PM): logpp id_target = 40c9b250-d308-4e99-9987-d2dbf7b39f3d
log (Thursday 19th of November 2015 09:23:39 PM): logpp id_task = 3b68035f-e3b4-4f2f-9224-5ad75d27a255
log (Thursday 19th of November 2015 09:23:39 PM): logpp id_report = 7c40cc2d-17d4-447c-a0d2-47270f0b991b
log (Thursday 19th of November 2015 09:23:39 PM): logpp id_alert = d2e90a6b-3cdd-48ae-a5ad-18ad9ff4ae4d
log (Thursday 19th of November 2015 09:23:39 PM): logpp severity = 2
log (Thursday 19th of November 2015 09:29:38 PM): logpp id_folder_bugs = 73
log (Thursday 19th of November 2015 09:29:38 PM): logpp id_target = 40c9b250-d308-4e99-9987-d2dbf7b39f3d
log (Thursday 19th of November 2015 09:29:38 PM): logpp id_task = 3b68035f-e3b4-4f2f-9224-5ad75d27a255
log (Thursday 19th of November 2015 09:29:38 PM): logpp id_report = 7c40cc2d-17d4-447c-a0d2-47270f0b991b
log (Thursday 19th of November 2015 09:29:38 PM): logpp id_alert = d2e90a6b-3cdd-48ae-a5ad-18ad9ff4ae4d
log (Thursday 19th of November 2015 09:29:38 PM): logpp severity = 2
log (Thursday 19th of November 2015 09:31:36 PM): logpp id_folder_bugs = 73
log (Thursday 19th of November 2015 09:31:36 PM): logpp id_target = 40c9b250-d308-4e99-9987-d2dbf7b39f3d
log (Thursday 19th of November 2015 09:31:36 PM): logpp id_task = 3b68035f-e3b4-4f2f-9224-5ad75d27a255
log (Thursday 19th of November 2015 09:31:36 PM): logpp id_report = 7c40cc2d-17d4-447c-a0d2-47270f0b991b
log (Thursday 19th of November 2015 09:31:36 PM): logpp id_alert = d2e90a6b-3cdd-48ae-a5ad-18ad9ff4ae4d
log (Thursday 19th of November 2015 09:31:36 PM): logpp severity = 2
log (Thursday 19th of November 2015 09:33:57 PM): logpp id_folder_bugs = 73
log (Thursday 19th of November 2015 09:33:57 PM): logpp id_target = 40c9b250-d308-4e99-9987-d2dbf7b39f3d
log (Thursday 19th of November 2015 09:33:57 PM): logpp id_task = 3b68035f-e3b4-4f2f-9224-5ad75d27a255
log (Thursday 19th of November 2015 09:33:57 PM): logpp id_report = 7c40cc2d-17d4-447c-a0d2-47270f0b991b
log (Thursday 19th of November 2015 09:33:57 PM): logpp id_alert = d2e90a6b-3cdd-48ae-a5ad-18ad9ff4ae4d
log (Thursday 19th of November 2015 09:33:57 PM): logpp severity = 2
log (Thursday 19th of November 2015 09:34:08 PM): logpp id_folder_bugs = 73
log (Thursday 19th of November 2015 09:34:08 PM): logpp id_target = 40c9b250-d308-4e99-9987-d2dbf7b39f3d
log (Thursday 19th of November 2015 09:34:08 PM): logpp id_task = 3b68035f-e3b4-4f2f-9224-5ad75d27a255
log (Thursday 19th of November 2015 09:34:08 PM): logpp id_report = 7c40cc2d-17d4-447c-a0d2-47270f0b991b
log (Thursday 19th of November 2015 09:34:08 PM): logpp id_alert = d2e90a6b-3cdd-48ae-a5ad-18ad9ff4ae4d
log (Thursday 19th of November 2015 09:34:08 PM): logpp severity = 2
log (Thursday 19th of November 2015 09:34:12 PM): logpp id_folder_bugs = 73
log (Thursday 19th of November 2015 09:34:12 PM): logpp id_target = 40c9b250-d308-4e99-9987-d2dbf7b39f3d
log (Thursday 19th of November 2015 09:34:12 PM): logpp id_task = 3b68035f-e3b4-4f2f-9224-5ad75d27a255
log (Thursday 19th of November 2015 09:34:12 PM): logpp id_report = 7c40cc2d-17d4-447c-a0d2-47270f0b991b
log (Thursday 19th of November 2015 09:34:12 PM): logpp id_alert = d2e90a6b-3cdd-48ae-a5ad-18ad9ff4ae4d
log (Thursday 19th of November 2015 09:34:12 PM): logpp severity = 2
log (Thursday 19th of November 2015 11:39:47 PM): logpp id_folder_bugs = 73
log (Thursday 19th of November 2015 11:39:47 PM): logpp id_target = 40c9b250-d308-4e99-9987-d2dbf7b39f3d
log (Thursday 19th of November 2015 11:39:47 PM): logpp id_task = 3b68035f-e3b4-4f2f-9224-5ad75d27a255
log (Thursday 19th of November 2015 11:39:47 PM): logpp id_report = 7c40cc2d-17d4-447c-a0d2-47270f0b991b
log (Thursday 19th of November 2015 11:39:47 PM): logpp id_alert = d2e90a6b-3cdd-48ae-a5ad-18ad9ff4ae4d
log (Thursday 19th of November 2015 11:39:47 PM): logpp severity = 2
log (Thursday 19th of November 2015 11:40:32 PM): logpp id_folder_bugs = 73
log (Thursday 19th of November 2015 11:40:32 PM): logpp id_target = 40c9b250-d308-4e99-9987-d2dbf7b39f3d
log (Thursday 19th of November 2015 11:40:32 PM): logpp id_task = 3b68035f-e3b4-4f2f-9224-5ad75d27a255
log (Thursday 19th of November 2015 11:40:32 PM): logpp id_report = 7c40cc2d-17d4-447c-a0d2-47270f0b991b
log (Thursday 19th of November 2015 11:40:32 PM): logpp id_alert = d2e90a6b-3cdd-48ae-a5ad-18ad9ff4ae4d
log (Thursday 19th of November 2015 11:40:32 PM): logpp severity = 2
log (Thursday 19th of November 2015 11:40:51 PM): logpp id_folder_bugs = 73
log (Thursday 19th of November 2015 11:40:51 PM): logpp id_target = 40c9b250-d308-4e99-9987-d2dbf7b39f3d
log (Thursday 19th of November 2015 11:40:51 PM): logpp id_task = 3b68035f-e3b4-4f2f-9224-5ad75d27a255
log (Thursday 19th of November 2015 11:40:51 PM): logpp id_report = 7c40cc2d-17d4-447c-a0d2-47270f0b991b
log (Thursday 19th of November 2015 11:40:51 PM): logpp id_alert = d2e90a6b-3cdd-48ae-a5ad-18ad9ff4ae4d
log (Thursday 19th of November 2015 11:40:51 PM): logpp severity = 2
log (Friday 20th of November 2015 03:28:57 AM): logpp id_folder_bugs = 0
log (Friday 20th of November 2015 03:28:57 AM): logpp id_target = 
log (Friday 20th of November 2015 03:28:57 AM): logpp id_task = 
log (Friday 20th of November 2015 03:28:57 AM): logpp id_report = 
log (Friday 20th of November 2015 03:28:57 AM): logpp id_alert = 
log (Friday 20th of November 2015 03:28:57 AM): logpp severity = 0
log (Friday 20th of November 2015 04:06:55 AM): logpp id_folder_bugs = 77
log (Friday 20th of November 2015 04:06:55 AM): logpp id_target = 82f9e1d5-6487-4ed3-a081-1a1cf6db42c0
log (Friday 20th of November 2015 04:06:55 AM): logpp id_task = 509d673d-912b-4cb6-b374-f5d52c11bae9
log (Friday 20th of November 2015 04:06:55 AM): logpp id_report = b8c56f21-d2d3-4984-a7c3-3564d53f7331
log (Friday 20th of November 2015 04:06:55 AM): logpp id_alert = 7eaa96ce-6a98-45fe-97bf-f7484d39939f
log (Friday 20th of November 2015 04:06:55 AM): logpp severity = 2
log (Thursday 10th of December 2015 10:43:58 AM): line = 78 ::: eric-pc ::: 127.0.0.1\n10.0.2.15



log (Thursday 10th of December 2015 10:50:06 AM): line = 78 ::: eric-pc ::: 127.0.0.1,10.0.2.15



log (Thursday 10th of December 2015 12:06:01 PM): line = 78 ::: eric-pc ::: 127.0.0.1,10.0.2.15



log (Thursday 10th of December 2015 12:22:01 PM): line = 78 ::: eric-pc ::: 127.0.0.1,10.0.2.15



log (Thursday 10th of December 2015 12:23:17 PM): logpp id_folder_bugs = 0
log (Thursday 10th of December 2015 12:23:17 PM): logpp id_target = 
log (Thursday 10th of December 2015 12:23:17 PM): logpp id_task = 
log (Thursday 10th of December 2015 12:23:17 PM): logpp id_report = 
log (Thursday 10th of December 2015 12:23:17 PM): logpp id_alert = 
log (Thursday 10th of December 2015 12:23:17 PM): logpp severity = 0
log (Thursday 10th of December 2015 12:23:31 PM): line = 78 ::: eric-pc ::: 127.0.0.1,10.0.2.15



log (Thursday 10th of December 2015 12:35:05 PM): login = admin ::: password admin ::: endpoint http://localhost:8080/webissues-server-1.1.4/client/webservices.php


log (Thursday 10th of December 2015 12:35:05 PM): line = 78 ::: eric-pc ::: 127.0.0.1,10.0.2.15



log (Thursday 10th of December 2015 12:37:25 PM): line = 78 ::: eric-pc ::: 127.0.0.1,10.0.2.15



log (Thursday 10th of December 2015 12:37:25 PM): addserver = 


log (Thursday 10th of December 2015 12:37:54 PM): line = 78 ::: eric-pc ::: 127.0.0.1,10.0.2.15



log (Thursday 10th of December 2015 12:37:54 PM): addserver = 


log (Thursday 10th of December 2015 03:43:33 PM): line = 78 ::: eric-pc ::: 127.0.0.1,10.0.2.15



log (Thursday 10th of December 2015 03:43:33 PM): addserver = 


log (Thursday 10th of December 2015 03:44:38 PM): line = 78 ::: eric-pc ::: 127.0.0.1,10.0.2.15



log (Thursday 10th of December 2015 03:44:38 PM): addserver = 


log (Thursday 10th of December 2015 03:49:29 PM): line = 78 ::: eric-pc ::: 127.0.0.1,10.0.2.15



log (Thursday 10th of December 2015 03:49:29 PM): addserver = 


log (Thursday 10th of December 2015 03:51:07 PM): line = 78 ::: eric-pc ::: 127.0.0.1,10.0.2.15



log (Thursday 10th of December 2015 03:51:07 PM): addserver = 


log (Thursday 10th of December 2015 03:52:09 PM): line = 78 ::: eric-pc ::: 127.0.0.1,10.0.2.15



log (Thursday 10th of December 2015 03:52:09 PM): addserver = 


log (Thursday 10th of December 2015 03:53:21 PM): line = 78 ::: eric-pc ::: 127.0.0.1,10.0.2.15



log (Thursday 10th of December 2015 03:53:21 PM): addserver = 


log (Thursday 10th of December 2015 03:54:21 PM): line = 78 ::: eric-pc ::: 127.0.0.1,10.0.2.15


log (Thursday 10th of December 2015 03:54:21 PM): addserver = 


log (Thursday 10th of December 2015 04:09:18 PM): line = 78 ::: eric-pc ::: 127.0.0.1,10.0.2.15


log (Thursday 10th of December 2015 04:09:18 PM): addserver = 


